Build started 2016-05-10 12:43:08.
     1>Project "D:\Qt\CoinsCatalog\CoinsCatalog\CoinsCatalog.vcxproj" on node 2 (Build target(s)).
     1>C:\Program Files (x86)\MSBuild\Microsoft.Cpp\v4.0\V120\Microsoft.CppBuild.targets(935,5): warning MSB8027: Two or more files with the name of moc_coinscatalog.cpp will produce outputs to the same location. This can lead to an incorrect build result.  The files involved are GeneratedFiles\Debug\moc_coinscatalog.cpp, GeneratedFiles\Release\moc_coinscatalog.cpp.
     1>C:\Program Files (x86)\MSBuild\Microsoft.Cpp\v4.0\V120\Microsoft.CppBuild.targets(935,5): warning MSB8027: Two or more files with the name of moc_coinwindow.cpp will produce outputs to the same location. This can lead to an incorrect build result.  The files involved are GeneratedFiles\Debug\moc_coinwindow.cpp, GeneratedFiles\Release\moc_coinwindow.cpp.
     1>C:\Program Files (x86)\MSBuild\Microsoft.Cpp\v4.0\V120\Microsoft.CppBuild.targets(935,5): warning MSB8027: Two or more files with the name of moc_coinwindowmanager.cpp will produce outputs to the same location. This can lead to an incorrect build result.  The files involved are GeneratedFiles\Debug\moc_coinwindowmanager.cpp, GeneratedFiles\Release\moc_coinwindowmanager.cpp.
     1>C:\Program Files (x86)\MSBuild\Microsoft.Cpp\v4.0\V120\Microsoft.CppBuild.targets(935,5): warning MSB8027: Two or more files with the name of moc_removecoinwindow.cpp will produce outputs to the same location. This can lead to an incorrect build result.  The files involved are GeneratedFiles\Debug\moc_removecoinwindow.cpp, GeneratedFiles\Release\moc_removecoinwindow.cpp.
     1>ClCompile:
         C:\Program Files (x86)\Microsoft Visual Studio 12.0\VC\bin\CL.exe /c /I.\GeneratedFiles /I. /IC:\Qt\5.5\msvc2013\include /I.\GeneratedFiles\Debug /IC:\Qt\5.5\msvc2013\include\QtCore /IC:\Qt\5.5\msvc2013\include\QtGui /IC:\Qt\5.5\msvc2013\include\QtWidgets /Zi /nologo /W1 /WX- /Od /Oy- /D UNICODE /D WIN32 /D WIN64 /D QT_DLL /D QT_CORE_LIB /D QT_GUI_LIB /D QT_WIDGETS_LIB /Gm- /EHsc /MDd /GS /fp:precise /Zc:wchar_t /Zc:forScope /Fo"Debug\\" /Fd"Debug\vc120.pdb" /Gd /TP /analyze- /errorReport:prompt GeneratedFiles\Debug\moc_coinscatalog.cpp GeneratedFiles\Debug\moc_coinwindow.cpp GeneratedFiles\Debug\moc_coinwindowmanager.cpp coin.cpp coinscatalog.cpp coinsmanager.cpp coinwindow.cpp coinwindowmanager.cpp functions.cpp main.cpp roundcoin.cpp squarecoin.cpp
         moc_coinscatalog.cpp
         moc_coinwindow.cpp
         moc_coinwindowmanager.cpp
         coin.cpp
         coinscatalog.cpp
         coinsmanager.cpp
         coinwindow.cpp
     1>coinwindow.cpp(122): warning C4129: '|' : unrecognized character escape sequence
         coinwindowmanager.cpp
         functions.cpp
     1>functions.cpp(81): warning C4129: '.' : unrecognized character escape sequence
         main.cpp
         roundcoin.cpp
         squarecoin.cpp
         Generating Code...
       Link:
         C:\Program Files (x86)\Microsoft Visual Studio 12.0\VC\bin\link.exe /ERRORREPORT:PROMPT /OUT:"D:\Qt\CoinsCatalog\Win32\Debug\\CoinsCatalog.exe" /NOLOGO /LIBPATH:C:\Qt\5.5\msvc2013\lib qtmaind.lib Qt5Cored.lib Qt5Guid.lib Qt5Widgetsd.lib kernel32.lib user32.lib gdi32.lib winspool.lib comdlg32.lib advapi32.lib shell32.lib ole32.lib oleaut32.lib uuid.lib odbc32.lib odbccp32.lib /MANIFEST /MANIFESTUAC:"level='asInvoker' uiAccess='false'" /manifest:embed /DEBUG /PDB:"D:\Qt\CoinsCatalog\Win32\Debug\CoinsCatalog.pdb" /SUBSYSTEM:WINDOWS /TLBID:1 /DYNAMICBASE /NXCOMPAT /IMPLIB:"D:\Qt\CoinsCatalog\Win32\Debug\CoinsCatalog.lib" /MACHINE:X86 /SAFESEH Debug\CoinsCatalog.res
         Debug\coin.obj
         Debug\coinscatalog.obj
         Debug\coinsmanager.obj
         Debug\coinwindow.obj
         Debug\coinwindowmanager.obj
         Debug\dimensions.obj
         Debug\functions.obj
         Debug\moc_coinscatalog.obj
         Debug\moc_coinwindow.obj
         Debug\moc_coinwindowmanager.obj
         Debug\moc_removecoinwindow.obj
         Debug\qrc_coinscatalog.obj
         Debug\main.obj
         Debug\removecoinwindow.obj
         Debug\roundcoin.obj
         Debug\squarecoin.obj
         CoinsCatalog.vcxproj -> D:\Qt\CoinsCatalog\Win32\Debug\CoinsCatalog.exe
     1>Done Building Project "D:\Qt\CoinsCatalog\CoinsCatalog\CoinsCatalog.vcxproj" (Build target(s)).

Build succeeded.

Time Elapsed 00:00:11.17
